This is pdfTeX, Version 3.14159265-2.6-1.40.20 (TeX Live 2019) (preloaded format=pdflatex 2020.2.27)  7 MAR 2021 23:28
entering extended mode
 restricted \write18 enabled.
 %&-line parsing enabled.
**settings
(./settings.tex
LaTeX2e <2020-02-02> patch level 4
L3 programming layer <2020-02-25>

! LaTeX Error: \usepackage before \documentclass.

See the LaTeX manual or LaTeX Companion for explanation.
Type  H <return>  for immediate help.
 ...                                              
                                                  
l.3 \usepackage{
                pifont, mdframed}
? x
 
Here is how much of TeX's memory you used:
 17 strings out of 480997
 528 string characters out of 5912179
 237551 words of memory out of 5000000
 15626 multiletter control sequences out of 15000+600000
 532338 words of font info for 24 fonts, out of 8000000 for 9000
 1141 hyphenation exceptions out of 8191
 12i,0n,15p,74b,14s stack positions out of 5000i,500n,10000p,200000b,80000s
No pages of output.
PDF statistics:
 0 PDF objects out of 1000 (max. 8388607)
 0 named destinations out of 1000 (max. 500000)
 1 words of extra memory for PDF output out of 10000 (max. 10000000)

