This is pdfTeX, Version 3.14159265-2.6-1.40.20 (TeX Live 2019) (preloaded format=pdflatex 2020.2.27)  29 OCT 2020 23:05
entering extended mode
 restricted \write18 enabled.
 %&-line parsing enabled.
**presentation
(./x.tex
LaTeX2e <2020-02-02> patch level 4
L3 programming layer <2020-02-25>
! You can't use `\spacefactor' in vertical mode.
\@->\spacefactor 
                 \@m {}
l.2 \@
      setckpt{../../../settings}{
? 
! Missing $ inserted.
<inserted text> 
                $
l.2 \@
      setckpt{../../../settings}{
? x
 
Here is how much of TeX's memory you used:
 17 strings out of 480997
 370 string characters out of 5912179
 237551 words of memory out of 5000000
 15626 multiletter control sequences out of 15000+600000
 532338 words of font info for 24 fonts, out of 8000000 for 9000
 1141 hyphenation exceptions out of 8191
 12i,0n,15p,50b,8s stack positions out of 5000i,500n,10000p,200000b,80000s
No pages of output.
PDF statistics:
 0 PDF objects out of 1000 (max. 8388607)
 0 named destinations out of 1000 (max. 500000)
 1 words of extra memory for PDF output out of 10000 (max. 10000000)

